1 4410 10199
2 24261 1617
3 30499 3972
4 17968 8579
5 24148 24430
6 2794 28143
7 6555 7977
8 23394 27772
9 22711 24616
10 3349 23222
11 25802 24499
12 23775 15138
13 14204 19624
14 26628 1890
15 22766 11505
16 10750 26638
17 12389 7881
18 2820 3660
19 13235 29102
20 19295 2869
21 8549 21285
22 22380 16615
23 12718 2864
24 20592 18794
25 27158 1168
26 22046 28484
27 32738 7355
28 23786 5082
29 30018 30619
30 7435 8077
31 23869 21261
32 26195 22416
33 29277 5652
34 25774 13707
35 27674 6113
36 8571 7409
37 16135 23171
38 19854 2594
39 13246 13678
40 8194 5952
41 140 11181
42 21951 29393
43 20957 27111
44 7630 9241
45 28006 10259
46 32352 14645
47 23572 27387
48 32408 15095
49 18104 24946
50 8476 645
51 29039 22868
52 31582 19632
53 467 2114
54 30122 10005
55 31715 9242
56 32752 4854
57 8626 1849
58 18255 31190
59 8659 23664
60 14437 20438
61 16512 3783
62 23129 32722
63 26509 30964
64 20133 32059
65 18703 4249
66 420 6066
67 203 2369
68 22495 27754
69 24672 11033
70 25623 4410
71 21044 22894
72 29202 21893
73 32544 1258
74 29222 13514
75 8923 1422
76 4487 22282
77 15143 6254
78 2896 15069
79 32189 32048
80 32338 25939
81 16633 28482
82 21408 13195
83 17222 30430
84 471 10773
85 32071 19903
86 14638 24073
87 27338 21408
88 17473 21476
89 30317 20089
90 10652 28710
91 29710 29305
92 23050 21932
93 22004 28098
94 30620 19917
95 2239 29671
96 376 5687
97 8720 1318
98 28775 12424
99 19959 28005
100 4124 4012
101 10016 14062
102 8517 16121
103 26045 3306
104 4179 24331
105 4403 18846
106 19722 5217
107 8324 11369
108 3784 17332
109 13695 29561
110 4501 14363
111 24233 21841
112 6126 3808
113 3049 5627
114 15697 1311
115 8695 13324
116 25992 804
117 22659 26972
118 21686 386
119 20261 31618
120 15394 9203
121 1287 6162
122 18375 9715
123 8020 14486
124 30871 29979
125 10847 19021
126 22419 5438
127 16788 5541
128 19852 10821
129 18975 8570
130 11190 17355
131 11358 3596
132 12530 18039
133 14343 9154
134 6103 3869
135 7961 4513
136 31109 11156
137 13188 6027
138 4394 17749
139 21399 6199
140 11345 6616
141 12589 20212
142 21486 7343
143 24471 9501
144 31274 8031
145 21576 25435
146 14574 6913
147 17987 15006
148 27954 30621
149 6213 24793
150 15106 27969
151 14770 15744
152 18005 23269
153 10816 25026
154 11405 12030
155 3173 18566
156 2765 15844
157 29313 6695
158 7423 8677
159 21195 28656
160 16801 293
161 19965 21334
162 28242 21819
163 13503 29944
164 24864 4237
165 30677 22359
166 6799 15719
167 28423 26965
168 27752 29406
169 8916 19567
170 10568 15207
171 1237 17082
172 16612 18742
173 17139 158
174 21789 5208
175 8520 24149
176 5063 16015
177 1750 9507
178 24889 22769
179 10474 29779
180 8084 26431
181 334 31221
182 7892 15622
183 31537 31577
184 408 4216
185 727 26954
186 8881 24328
187 25601 31754
188 18284 32711
189 8986 4882
190 10912 32641
191 15654 21638
192 11382 8854
193 31338 18554
194 13051 10394
195 16348 27623
196 1895 11692
197 2889 30571
198 15402 17815
199 1608 21956
200 26556 11434
201 23522 1547
202 16418 10839
203 15614 26032
204 25407 398
205 16271 7737
206 22496 2775
207 1148 12986
208 4997 21554
209 20562 26899
210 4336 25262
211 684 2796
212 17263 29131
213 6238 14961
214 29418 19601
215 9316 22222
216 19628 7277
217 27533 11369
218 13553 18894
219 3815 27874
220 9524 19075
221 28905 10956
222 9013 31187
223 16739 21800
224 7372 22106
225 23590 28325
226 13424 16806
227 26227 31898
228 19078 7573
229 22308 27071
230 20331 25452
231 21916 22703
232 10816 4280
233 7024 8734
234 16504 1509
235 17618 31450
236 27171 12959
237 15297 32131
238 24312 11244
239 10739 5129
240 26659 2054
241 7549 31978
242 25300 7162
243 19528 26665
244 24452 30465
245 8756 26637
246 27141 14241
247 1545 12703
248 18001 5763
249 290 26849
250 11790 17171
251 13784 29902
252 23268 28122
253 20655 5910
254 27007 7323
255 24643 17302
256 24931 9263
257 16369 29593
258 28019 25632
259 325 28881
260 4415 8200
261 38 21523
262 26385 4776
263 3523 13269
264 12981 5831
265 24124 15977
266 21772 464
267 9489 15351
268 27727 3115
269 3147 13372
270 11556 25431
271 29292 13317
272 16483 16844
273 6935 28265
274 12709 10386
275 15999 13769
276 14992 5793
277 9105 2185
278 30437 23031
279 12513 11659
280 19782 22140
281 8278 7280
282 6344 24213
283 16788 11662
284 24381 31114
285 30508 19887
286 8254 13208
287 23174 12687
288 2299 21462
289 12938 17684
290 6338 5064
291 10513 21067
292 592 13508
293 27407 7207
294 21979 3849
295 8060 26872
296 16347 30360
297 24839 14508
298 26780 4570
299 9850 8905
300 16517 32240
301 17899 6182
302 17701 23767
303 32424 1132
304 2819 10564
305 13792 2896
306 6178 27705
307 21009 23950
308 23382 12394
309 24885 24996
310 19530 20307
311 30124 11348
312 76 29718
313 26088 1239
314 16351 28693
315 23259 28897
316 26879 15700
317 22816 1113
318 10802 19084
319 12523 28884
320 25171 27918
321 178 4311
322 12574 5214
323 13976 27337
324 1146 7051
325 15518 26554
326 11914 21583
327 15240 14806
328 20594 10219
329 8337 11943
330 9705 27073
331 20942 26894
332 32131 14254
333 15714 16127
334 27068 1069
335 12135 14079
336 30403 9773
337 6807 24927
338 28940 2734
339 16318 2358
340 2196 25629
341 24544 31007
342 23795 29557
343 25898 20408
344 15907 18194
345 11929 8149
346 11794 2899
347 27244 22664
348 28393 18679
349 11082 12498
350 10778 11573
351 9267 4901
352 31788 14232
353 14121 17569
354 28998 27041
355 17050 17419
356 15997 21531
357 22932 7309
358 17373 7740
359 21159 10288
360 9017 25216
361 22937 32282
362 30643 32069
363 28621 2183
364 31242 10535
365 1904 32392
366 7590 1305
367 9577 15742
368 29285 24648
369 13821 15957
370 22307 26544
371 69 8833
372 18700 4474
373 25682 5306
374 23457 25116
375 20506 31095
376 9611 26415
377 5929 11052
378 11810 1039
379 6408 15939
380 10173 27701
381 25196 2266
382 696 26451
383 13598 27202
384 9542 15156
385 8878 3636
386 21499 22354
387 9687 10193
388 5912 7732
389 26289 24672
390 10390 26766
391 5529 30150
392 14065 7703
393 2272 17604
394 2233 40
395 2358 15091
396 19674 537
397 30933 27777
398 9126 19291
399 16749 18857
400 11431 16213
401 13522 12276
402 9511 9984
403 19560 21297
404 25467 22593
405 29514 14901
406 15124 30473
407 18237 19283
408 5443 11311
409 31831 9370
410 19151 28168
411 20335 15313
412 2617 14028
413 13123 563
414 22218 17576
415 9324 2027
416 27745 16290
417 20482 23374
418 5118 24881
419 30991 8154
420 13581 31128
421 18612 6386
422 12147 28422
423 29981 9303
424 19034 4719
425 27430 24678
426 17341 26152
427 26314 31252
428 19634 12869
429 9808 24233
430 32378 690
431 9268 19775
432 5194 27412
433 982 1018
434 30167 11357
435 7397 1284
436 24228 6193
437 20873 12111
438 11787 19964
439 6995 9994
440 11277 11728
441 31461 18912
442 20185 7423
443 13920 10995
444 19741 30845
445 4754 21147
446 2320 20722
447 29405 15839
448 8252 19618
449 3045 22959
450 11276 19197
451 5377 30183
452 32538 9733
453 9311 27652
454 27445 11620
455 8693 30116
456 23603 14153
457 32043 28352
458 21373 25350
459 4425 32680
460 4179 26987
461 25762 27330
462 28899 5856
463 11902 31233
464 22542 19268
465 20424 18471
466 9205 7049
467 10876 25019
468 325 28940
469 975 31178
470 10055 17077
471 23835 11869
472 18599 17363
473 28561 6333
474 17663 9396
475 13981 9577
476 26411 16647
477 13592 28628
478 15436 22514
479 24880 7647
480 20376 10739
481 25367 30489
482 22248 6264
483 4718 13240
484 7167 9020
485 24176 16215
486 11931 24423
487 3294 27501
488 11070 17509
489 31662 19857
490 8889 27266
491 20851 17776
492 28285 5962
493 18571 26250
494 32161 13219
495 266 16815
496 26291 1958
497 1386 19005
498 19006 22594
499 28143 21270
500 21023 17039
501 20187 24419
502 22920 28915
503 23894 17164
504 2513 1527
505 30492 20211
506 30722 22759
507 30948 1267
508 3873 24619
509 3988 3995
510 21308 25960
511 28710 31146
512 18741 24406
513 8792 24906
514 3920 3424
515 18966 8973
516 29310 12541
517 7080 14504
518 3175 209
519 26267 18290
520 13881 12674
521 25457 6810
522 23603 12379
523 12296 1323
524 32240 27555
525 9930 26561
526 26484 17595
527 31898 22025
528 28408 2042
529 20857 6138
530 17269 1609
531 8188 725
532 6130 11389
533 14190 26077
534 14222 13431
535 11460 1750
536 20045 19454
537 28229 27200
538 29346 19799
539 26102 25424
540 15296 26025
541 22215 10163
542 28833 17684
543 24702 25346
544 7123 13451
545 22119 1539
546 4101 11637
547 21688 19877
548 10581 20232
549 16582 15802
550 22359 19808
551 8170 2930
552 15333 13921
553 28977 13211
554 27305 10322
555 30151 14491
556 5483 22070
557 5153 17449
558 12571 30186
559 16876 10446
560 24478 29696
561 8376 32543
562 10841 2397
563 14692 23223
564 22910 3732
565 584 21239
566 29721 10497
567 7205 23421
568 13529 11686
569 29133 10341
570 32671 21957
571 9874 6722
572 9160 8513
573 32624 28122
574 30523 693
575 13050 11173
576 5681 12625
577 19461 4868
578 21447 15481
579 2838 32066
580 10053 15644
581 29324 29771
582 8748 16596
583 27021 31022
584 15105 19138
585 8625 13908
586 30940 1575
587 11121 6526
588 19375 1731
589 25934 4480
590 7511 13038
591 12737 27583
592 26469 13175
593 8165 3435
594 22953 1344
595 29414 1149
596 23938 2198
597 13353 11376
598 488 10833
599 15417 25279
600 7222 687
601 24181 1825
602 10680 1521
603 9082 17287
604 15865 8883
605 15953 22481
606 2505 27148
607 10328 25940
608 18192 7530
609 4082 30221
610 5462 15914
611 1518 15266
612 4878 31482
613 5560 16924
614 16293 5871
615 13378 4710
616 29263 9829
617 12720 133
618 29068 15770
619 6598 8597
620 30588 27913
621 12049 9607
622 12008 10120
623 27864 4252
624 29964 28193
625 15298 4256
626 27686 23984
627 17732 27111
628 10943 31296
629 4560 14345
630 5052 21542
631 23999 32348
632 8996 25307
633 20730 17462
634 15278 12699
635 1388 14559
636 16658 14782
637 2088 7000
638 2828 1753
639 16729 25039
640 32048 148
641 28397 23773
642 20337 30281
643 7681 21125
644 21359 18530
645 20235 19693
646 17028 19311
647 12489 6362
648 24717 16650
649 7661 12269
650 32632 619
651 18821 2719
652 12178 14538
653 17964 5630
654 10382 16248
655 21490 18725
656 14164 3003
657 8460 5756
658 15503 13934
659 26940 13492
660 2037 853
661 8191 31617
662 7253 577
663 4472 20502
664 10338 9704
665 9759 23906
666 16449 27778
667 13609 5132
668 9172 30243
669 4534 11823
670 7620 9436
671 16061 13013
672 18257 8848
673 30135 13621
674 15577 26774
675 27662 19373
676 3881 9491
677 836 31358
678 32135 6677
679 20452 3657
680 17531 21104
681 9001 8781
682 3426 18521
683 879 20062
684 19120 22979
685 16221 14500
686 3336 9853
687 2000 1817
688 7421 13320
689 15494 27840
690 26022 29497
691 22415 20134
692 31716 915
693 9076 15514
694 20082 20578
695 10276 14763
696 19121 25496
697 31394 4198
698 561 2663
699 23408 11980
700 7423 10146
701 20410 17941
702 9393 20436
703 8515 10791
704 29746 2845
705 28944 11477
706 22606 22736
707 18646 28888
708 11516 20686
709 22309 28814
710 879 32417
711 16977 13428
712 7387 21080
713 15907 30053
714 17928 17189
715 20548 9872
716 24472 32695
717 28517 9018
718 7959 18520
719 26927 31801
720 21703 20167
721 15086 8492
722 16937 14291
723 18685 24955
724 19787 6844
725 8431 274
726 7381 6729
727 12930 23772
728 26833 29608
729 11076 23297
730 3133 7946
731 24835 8928
732 9042 24059
733 30454 22731
734 17042 21378
735 10668 22917
736 4756 508
737 28088 12669
738 23695 19129
739 19738 19399
740 21416 19283
741 12140 5342
742 9980 13522
743 30929 3355
744 10347 30849
745 11165 1780
746 5162 26254
747 30916 3318
748 17671 6757
749 27396 11136
750 24955 20681
751 6354 6725
752 19826 951
753 2310 383
754 27865 26618
755 13893 22260
756 747 10382
757 23858 3754
758 14908 31669
759 340 7017
760 8578 28123
761 21701 31477
762 10534 32298
763 28320 18952
764 28047 26861
765 31784 7185
766 23081 15270
767 22712 4783
768 28983 3821
769 14447 28908
770 17502 527
771 20887 9785
772 27117 21602
773 12506 3374
774 31469 14442
775 9251 23038
776 26092 15533
777 26709 29883
778 8842 26198
779 1454 15183
780 4544 22924
781 1786 26422
782 5876 11152
783 30583 4860
784 13757 15001
785 21387 7034
786 16502 10095
787 22568 22736
788 25476 19657
789 23803 27425
790 6503 20583
791 9560 5906
792 21379 10735
793 21477 28160
794 25516 15241
795 27912 15875
796 29300 22585
797 5137 1447
798 3636 21503
799 28455 26469
800 7899 31152
801 24052 22755
802 19065 659
803 28432 2544
804 5770 27579
805 16430 16189
806 20995 17703
807 13577 7388
808 5150 22170
809 12556 7290
810 23526 13883
811 16324 11101
812 7298 11501
813 22534 11292
814 16961 1132
815 9695 22560
816 31849 6956
817 1856 15581
818 22463 23026
819 10086 20688
820 30166 26415
821 25867 23609
822 27928 13343
823 28494 12694
824 7573 16293
825 17763 29155
826 1679 10981
827 1274 22675
828 26817 31647
829 13169 19276
830 16755 10319
831 28088 10598
832 27199 18949
833 11016 5922
834 27041 4100
835 32323 16554
836 16448 20765
837 553 20684
838 16126 22217
839 23617 6006
840 12737 15881
841 642 7153
842 27391 2558
843 12228 5854
844 31756 17479
845 13033 4081
846 9763 18206
847 1226 7023
848 20534 3378
849 20707 29544
850 3445 9026
851 23743 26805
852 160 6014
853 31266 26544
854 10253 669
855 28664 3254
856 24184 1725
857 1536 1117
858 7310 24575
859 7992 13174
860 18232 25311
861 3847 25281
862 5800 1108
863 5421 27251
864 25124 18347
865 11371 6504
866 23701 11811
867 6129 21544
868 3535 1097
869 23436 10139
870 5278 10514
871 2700 19340
872 32148 10938
873 6518 20704
874 14997 21855
875 7790 30611
876 1823 3932
877 11363 26742
878 17754 8038
879 13560 20138
880 8163 14441
881 7478 3290
882 31832 26400
883 28914 2620
884 2723 15735
885 24831 21319
886 32007 22432
887 30740 2610
888 13548 5879
889 12924 25392
890 28778 11926
891 25728 10348
892 17559 23992
893 7060 454
894 28817 29646
895 26180 31819
896 21834 31331
897 11996 3447
898 7702 8368
899 5338 3626
900 26102 17663
901 28948 26986
902 26018 14272
903 28841 31454
904 30296 5228
905 29353 22790
906 30055 19485
907 5252 1851
908 21626 15850
909 6451 19306
910 25253 30980
911 5928 9104
912 6705 1170
913 6390 5877
914 32552 18764
915 7360 24360
916 23199 30937
917 7779 9406
918 24262 3817
919 6243 19401
920 32689 18450
921 10134 3098
922 3299 10860
923 15763 20791
924 22431 31723
925 3544 7707
926 29167 17023
927 8637 28848
928 21105 10733
929 16156 24845
930 26852 27499
931 3518 30831
932 28534 4862
933 10116 31737
934 1227 16020
935 32602 10027
936 23245 13025
937 19163 4644
938 1590 25082
939 23236 16280
940 15071 16306
941 3610 3727
942 198 32695
943 19483 3043
944 11744 6508
945 12518 24439
946 12452 11654
947 22761 20791
948 30548 10598
949 30478 8660
950 10 17464
951 8613 13116
952 23942 12751
953 528 15580
954 15545 10047
955 21296 1941
956 14096 3384
957 23187 28031
958 32130 31781
959 18522 6496
960 10328 24072
961 10731 16875
962 14271 21012
963 23388 23736
964 4367 11783
965 9114 1287
966 1241 14670
967 26461 4660
968 10675 32215
969 7884 6650
970 6082 19124
971 31215 23144
972 20748 17524
973 24537 18339
974 25211 8001
975 13457 14689
976 2480 24249
977 4548 29728
978 27533 14221
979 24109 2602
980 10113 28380
981 28608 20554
982 21394 21325
983 9369 25163
984 11564 11246
985 7848 29493
986 2731 14544
987 3609 25927
988 22954 8542
989 13956 26035
990 13833 27777
991 6873 2076
992 26048 24182
993 31753 7632
994 17767 22634
995 5749 17605
996 29057 5594
997 18967 27221
998 14476 25517
999 6515 15801
1000 8649 11534
1001 11067 20039
1002 5323 31243
1003 15045 20844
1004 28098 15343
1005 9005 19559
1006 2693 864
1007 29002 7626
1008 7265 31799
1009 10322 8882
1010 19107 19234
1011 9547 29633
1012 29159 10492
1013 19769 30176
1014 3103 22503
1015 29185 15030
1016 3426 20015
1017 6687 27879
1018 16762 13022
1019 5900 17421
1020 30252 2079
1021 5740 15479
1022 32325 8019
1023 6651 3748
1024 22889 13045
1025 566 8829
1026 3227 16942
1027 6089 31318
1028 30603 2615
1029 16315 20899
1030 12963 14707
1031 18011 27514
1032 16848 14408
1033 27882 19660
1034 10257 9153
1035 9733 24163
1036 10176 21988
1037 11481 12955
1038 15267 6100
1039 25349 27360
1040 5298 22951
1041 8525 30955
1042 10406 3077
1043 26373 14268
1044 7494 30597
1045 5176 6230
1046 7281 11719
1047 6811 24125
1048 23786 28753
1049 20788 10160
1050 27622 10539
1051 22218 15782
1052 855 20793
1053 12043 26507
1054 30966 24667
1055 1664 16055
1056 4627 9030
1057 18737 15794
1058 18460 4896
1059 30743 1834
1060 18927 2782
1061 26950 8368
1062 17887 30302
1063 24279 7478
1064 18568 22339
1065 8343 29513
1066 15443 15252
1067 1137 31502
1068 21960 531
1069 4507 20478
1070 30871 2143
1071 10883 4705
1072 24932 7881
1073 27000 17548
1074 8278 24054
1075 7193 16346
1076 12382 14905
1077 2430 32107
1078 14151 28845
1079 28456 11935
1080 14978 10773
1081 24745 24913
1082 21679 28533
1083 30226 11220
1084 14315 19565
1085 29985 7342
1086 2268 15192
1087 24871 27158
1088 24189 14120
1089 7611 7471
1090 29354 3839
1091 4129 13570
1092 20331 22414
1093 27511 32062
1094 1280 5678
1095 5029 5295
1096 13488 448
1097 17154 24446
1098 31826 30021
1099 24263 24878
1100 3736 28732
1101 9780 14930
1102 1055 16575
1103 10372 17934
1104 12599 13148
1105 11665 4949
1106 3186 25780
1107 32071 13788
1108 29166 4310
1109 12746 10976
1110 20322 31833
1111 103 19869
1112 1259 21307
1113 9532 6025
1114 1684 6525
1115 23974 10325
1116 2727 2426
1117 7533 20897
1118 20662 31755
1119 27313 8833
1120 19816 13916
1121 3220 11956
1122 18181 14733
1123 30885 3486
1124 11967 28680
1125 11023 19723
1126 17094 21669
1127 21894 21410
1128 17674 28543
1129 4333 28459
1130 21198 17556
1131 32199 2688
1132 10481 4127
1133 32612 18261
1134 24827 27829
1135 32199 30631
1136 29418 16161
1137 23130 13061
1138 1979 1024
1139 849 898
1140 26807 23325
1141 20958 26229
1142 6018 27786
1143 7961 7415
1144 23269 899
1145 15277 2074
1146 19542 31490
1147 13892 3305
1148 12877 22561
1149 7344 15396
1150 13126 11828
1151 9182 14776
1152 11668 10402
1153 25211 8192
1154 16364 22152
1155 2659 23230
1156 20141 5132
1157 19662 13784
1158 4592 11649
1159 21817 7122
1160 30804 6207
1161 1814 16399
1162 27270 23872
1163 27187 12487
1164 15251 4475
1165 29162 3271
1166 20973 30721
1167 2830 22764
1168 21822 10712
1169 7312 12637
1170 27888 24474
1171 26357 21131
1172 23417 14541
1173 28280 13802
1174 615 7425
1175 23550 15980
1176 6959 4780
1177 190 12482
1178 12469 10181
1179 26797 29522
1180 9627 18467
1181 10154 20983
1182 21322 7571
1183 19822 16763
1184 3521 21946
1185 11313 24276
1186 6176 27056
1187 24093 9762
1188 22003 17241
1189 13684 7524
1190 17727 23683
1191 896 28414
1192 3407 13250
1193 25150 12267
1194 11835 13066
1195 27849 19905
1196 7485 25617
1197 4744 24682
1198 22963 3682
1199 28951 23452
1200 18163 6977
1201 24822 23581
1202 22227 23362
1203 8436 3257
1204 20723 2472
1205 19545 24318
1206 17105 10622
1207 2006 5054
1208 25738 6263
1209 4397 20290
1210 32369 29575
1211 7584 13646
1212 6993 10557
1213 13083 18649
1214 4994 21991
1215 26656 2953
1216 15534 17764
1217 13942 6384
1218 19041 14023
1219 19601 14729
1220 11090 15793
1221 2496 10608
1222 28531 23915
1223 4377 3813
1224 698 14789
1225 7972 23679
1226 18605 31154
1227 3658 6960
1228 25776 14240
1229 13820 22524
1230 15119 7065
1231 4259 12664
1232 30409 31515
1233 21578 16645
1234 8226 6839
1235 27149 23498
1236 4071 28012
1237 28737 26482
1238 19327 28097
1239 13153 16043
1240 5558 27812
1241 18875 24922
1242 16457 29189
1243 15839 27806
1244 2609 2866
1245 29634 5771
1246 5808 8945
1247 13494 10659
1248 18716 16223
1249 3594 15380
1250 4462 16779
1251 28288 7860
1252 30090 722
1253 11891 16316
1254 25420 27640
1255 28357 32072
1256 5975 25099
1257 31370 9098
1258 9372 9464
1259 6006 4817
1260 26796 31722
1261 28935 18750
1262 30910 19302
1263 2673 19520
1264 21376 28967
1265 25422 11732
1266 25502 443
1267 15106 10622
1268 7955 17370
1269 7919 5382
1270 20274 1417
1271 12126 8435
1272 19827 9971
1273 18216 9417
1274 16638 30466
1275 29224 29442
1276 10489 15808
1277 24160 28877
1278 16274 4209
1279 13294 28040
1280 459 19308
1281 32685 30207
1282 26633 19901
1283 7338 8034
1284 7002 21116
1285 18509 1544
1286 13193 1004
1287 19780 31718
1288 18916 9299
1289 28974 8910
1290 27848 26779
1291 4364 28263
1292 16369 24749
1293 6248 18928
1294 21891 2441
1295 16195 23988
1296 3031 25893
1297 15039 12364
1298 31751 13323
1299 19601 8087
1300 17720 11441
1301 23845 28026
1302 16554 19607
1303 3214 23640
1304 27264 7971
1305 26164 5968
1306 2896 5692
1307 9020 25145
1308 28266 20648
1309 10165 19806
1310 12521 27174
1311 9864 26874
1312 30075 12619
1313 6174 13426
1314 2288 24349
1315 28623 17749
1316 17284 11377
1317 15374 25108
1318 13036 24837
1319 7509 3201
1320 22817 14428
1321 16337 14345
1322 3056 14429
1323 17357 10160
1324 16702 21930
1325 16608 12241
1326 21532 449
1327 20439 22419
1328 3727 32469
1329 18272 5674
1330 1052 5482
1331 6011 10195
1332 2325 1971
1333 28577 13965
1334 21158 24235
1335 7089 21144
1336 2975 27893
1337 17310 30383
1338 27135 9076
1339 31194 5125
1340 4420 5034
1341 17537 25088
1342 19829 15314
1343 3398 28087
1344 29419 30908
1345 9246 9517
1346 28387 14699
1347 16558 23115
1348 21701 20591
1349 11893 31135
1350 29746 32515
1351 4025 28887
1352 17360 5607
1353 25395 251
1354 11477 18428
1355 14457 30830
1356 852 2721
1357 16175 4258
1358 14154 8143
1359 7406 27550
1360 2664 9718
1361 13807 27953
1362 22174 18839
1363 21632 27635
1364 12652 29854
1365 23331 30209
1366 30696 6021
1367 28038 9588
1368 3982 26665
1369 15399 16550
1370 26570 12906
1371 24259 8740
1372 2119 5766
1373 27011 9329
1374 14325 20787
1375 10470 3456
1376 2268 27006
1377 12397 13807
1378 21668 24678
1379 10248 26629
1380 30176 15927
1381 1091 12906
1382 18974 6568
1383 5424 10921
1384 18607 29876
1385 6163 23398
1386 14903 2872
1387 14288 23134
1388 23795 28497
1389 10261 16931
1390 461 3955
1391 18247 2965
1392 28193 586
1393 29486 800
1394 3661 13393
1395 31839 21943
1396 17659 21299
1397 25709 29076
1398 25390 4836
1399 21198 13996
1400 5389 10367
1401 27791 13044
1402 20338 5854
1403 31416 26198
1404 2610 10491
1405 2941 19058
1406 21290 13833
1407 31273 6677
1408 1550 2898
1409 2506 5242
1410 13553 6095
1411 32413 14403
1412 3476 13705
1413 25144 12853
1414 18286 11442
1415 24186 31670
1416 26239 19586
1417 23346 25864
1418 24277 13779
1419 19090 1859
1420 25819 13179
1421 20562 23060
1422 30309 15469
1423 12195 26936
1424 26748 31631
1425 11226 26038
1426 1513 31065
1427 18393 3807
1428 2691 17201
1429 4157 12038
1430 1848 11401
1431 23625 10240
1432 31454 1462
1433 12693 19290
1434 11191 25743
1435 13942 31325
1436 3526 23242
1437 24365 18882
1438 16852 13846
1439 16847 9525
1440 31041 9720
1441 15606 11916
1442 19083 25446
1443 23852 21700
1444 17056 13860
1445 11540 24255
1446 16100 29666
1447 23638 26048
1448 23552 21778
1449 26960 31650
1450 1392 15243
1451 14718 30939
1452 29131 18143
1453 19621 11829
1454 6097 21116
1455 30403 30278
1456 26679 14725
1457 19638 25268
1458 22577 31854
1459 12206 298
1460 2243 9306
1461 9044 29721
1462 5832 52
1463 23223 23343
1464 24511 6031
1465 10235 18328
1466 18265 28478
1467 15040 14327
1468 18883 31667
1469 22867 22563
1470 26291 23832
1471 151 161
1472 12596 16687
1473 5809 12774
1474 4146 1770
1475 7287 1865
1476 31685 32714
1477 2454 24010
1478 17214 27384
1479 16261 10885
1480 10226 1572
1481 16173 15604
1482 22728 20513
1483 3413 26856
1484 6789 22845
1485 29135 21573
1486 10450 15714
1487 32100 25728
1488 7186 9198
1489 640 2009
1490 24550 24914
1491 27806 22105
1492 1661 5740
1493 8818 18059
1494 1180 27045
1495 24280 29178
1496 8817 13770
1497 11391 9582
1498 11543 19115
1499 28756 14565
1500 13544 7030
1501 11953 27475
1502 25735 30416
1503 30530 15897
1504 15528 9400
1505 9147 3143
1506 16550 1564
1507 21820 22930
1508 24515 4665
1509 23679 5396
1510 10044 19891
1511 30919 19398
1512 2324 6008
1513 6536 1725
1514 17309 26453
1515 3799 20775
1516 13766 23124
1517 21648 8709
1518 11304 10461
1519 25673 9638
1520 29391 25224
1521 14842 8935
1522 14280 3011
1523 30568 30764
1524 2671 31016
1525 21078 27677
1526 885 1179
1527 14699 20001
1528 25012 30759
1529 23522 8859
1530 10162 19094
1531 32756 22247
1532 1527 2514
1533 21509 14611
1534 7695 3838
1535 9872 12125
1536 27229 22612
1537 12500 27505
1538 22182 9405
1539 24636 5471
1540 21849 11569
1541 19087 10846
1542 32160 6101
1543 14556 2882
1544 32295 206
1545 29987 30399
1546 28847 13542
1547 18115 27483
1548 23121 31206
1549 18855 11572
1550 25747 173
1551 3120 27511
1552 6956 23828
1553 8161 16796
1554 14999 8066
1555 2253 4194
1556 23386 27726
1557 14273 27278
1558 1555 11479
1559 31537 4451
1560 31815 13925
1561 4835 15584
1562 16874 702
1563 21085 11196
1564 13230 22152
1565 32272 14114
1566 13836 29026
1567 20289 26157
1568 18707 9152
1569 19131 15650
1570 3315 26250
1571 22070 17519
1572 840 20596
1573 14469 871
1574 6440 1308
1575 28803 27323
1576 17899 31205
1577 3772 27320
1578 19133 11413
1579 32218 12610
1580 24293 10161
1581 26070 19348
1582 21714 28820
1583 5594 10165
1584 1002 15185
1585 8440 12729
1586 786 78
1587 6541 2237
1588 32765 20381
1589 6003 1952
1590 16182 32281
1591 29930 7553
1592 4331 2117
1593 28228 12797
1594 18047 18148
1595 4178 4389
1596 29902 20824
1597 8593 6978
1598 3901 10683
1599 29204 13384
1600 10121 3775
1601 15921 12058
1602 24141 3910
1603 4075 12419
1604 20560 15296
1605 19235 17904
1606 3221 4424
1607 20605 11247
1608 24352 31358
1609 25363 104
1610 31880 546
1611 15580 23709
1612 23105 4981
1613 32219 4835
1614 16294 25680
1615 25095 3102
1616 23497 25857
1617 27133 254
1618 27643 20969
1619 25192 2811
1620 16154 17110
1621 30252 18705
1622 8605 21537
1623 14165 5179
1624 32352 17799
1625 19139 32690
1626 16432 10952
1627 8849 8418
1628 16406 2561
1629 29514 23345
1630 19556 970
1631 20427 11119
1632 5249 24847
1633 6134 12059
1634 1395 8879
1635 9755 25435
1636 25393 28374
1637 26407 22457
1638 10918 30747
1639 18826 20639
1640 2181 14937
1641 12010 5521
1642 28880 10573
1643 19593 26412
1644 8998 11508
1645 9846 22754
1646 10191 1954
1647 4471 2675
1648 4488 482
1649 26546 32042
1650 4112 30737
1651 23581 221
1652 8047 9657
1653 6315 29858
1654 24585 19118
1655 4916 22353
1656 25446 1515
1657 17696 25534
1658 31166 554
1659 12763 13491
1660 19527 20549
1661 26617 11440
1662 20543 2895
1663 26916 7521
1664 24248 8817
1665 9417 27363
1666 32039 25734
1667 29062 9911
1668 8875 10614
1669 12626 24194
1670 1565 13651
1671 3178 6794
1672 16603 12597
1673 28415 18417
1674 21076 21974
1675 13729 2735
1676 20563 9196
1677 13417 13137
1678 20493 17994
1679 1257 21619
1680 21481 31157
1681 18132 13310
1682 18961 5767
1683 16238 5154
1684 26557 6150
1685 946 4114
1686 27962 15745
1687 6469 2179
1688 7868 8496
1689 14877 23522
1690 32233 24777
1691 9968 26200
1692 4129 13282
1693 13407 1406
1694 15759 3082
1695 32479 7136
1696 5361 6821
1697 29035 20531
1698 39 22667
1699 2796 1110
1700 13693 27488
1701 3683 16395
1702 29112 1201
1703 2524 2930
1704 18146 5843
1705 24595 30025
1706 3029 31612
1707 16611 16613
1708 14474 26654
1709 15474 30703
1710 15135 19463
1711 23838 23520
1712 4522 29754
1713 29734 29498
1714 13504 4362
1715 1305 11916
1716 7875 31100
1717 31743 24867
1718 31727 18522
1719 6728 2448
1720 20260 12055
1721 18040 9694
1722 6001 6758
1723 10896 3984
1724 16996 1177
1725 19771 7004
1726 30484 4538
1727 4542 30890
1728 1514 20843
1729 19100 3275
1730 2356 17021
1731 19212 17914
1732 616 29779
1733 8988 8723
1734 56 25077
1735 29345 25877
1736 6489 25331
1737 32486 15193
1738 18451 19968
1739 30480 17295
1740 29321 10570
1741 4946 15486
1742 11206 1178
1743 31446 21112
1744 31115 22832
1745 7270 18590
1746 10971 2908
1747 26078 31193
1748 2883 27100
1749 1618 28051
1750 32489 18169
1751 9983 31801
1752 21339 1888
1753 18162 16242
1754 20757 17089
1755 9594 18972
1756 22992 21033
1757 26447 25611
1758 8077 26656
1759 25215 17792
1760 16485 3714
1761 15644 3691
1762 21261 9758
1763 19111 30048
1764 12331 17424
1765 21563 27227
1766 1116 2270
1767 14201 10548
1768 30466 19797
1769 2103 30688
1770 29134 16673
1771 8424 3181
1772 21777 22319
1773 19913 22204
1774 9410 7107
1775 32465 10747
1776 31310 20568
1777 11350 489
1778 18211 26939
1779 23167 24521
1780 13307 18662
1781 26477 31523
1782 10472 21789
1783 4136 16958
1784 18980 16842
1785 22603 26205
1786 30102 11673
1787 16495 28604
1788 3364 27731
1789 30553 5448
1790 6587 6908
1791 29155 21538
1792 4895 22955
1793 5547 722
1794 22644 18220
1795 25213 23627
1796 9608 6743
1797 18049 16035
1798 4326 29998
1799 2340 6543
1800 24219 19896
1801 30919 18592
1802 13254 2209
1803 18218 21823
1804 30433 8590
1805 16535 23657
1806 26834 32066
1807 18894 5163
1808 17073 16754
1809 20660 11485
1810 25687 20072
1811 7098 2590
1812 24491 13914
1813 9230 3987
1814 27820 20103
1815 26244 32094
1816 4670 13847
1817 22339 6240
1818 4020 28336
1819 25647 6703
1820 21281 25304
1821 12826 9430
1822 2142 30221
1823 170 13903
1824 3291 31398
1825 24840 22465
1826 21543 10600
1827 11085 1146
1828 2365 30439
1829 24237 1194
1830 30868 25251
1831 22625 14309
1832 3813 7134
1833 3414 2903
1834 30906 6206
1835 12951 6084
1836 11963 30759
1837 123 9031
1838 31416 21718
1839 31886 710
1840 16757 21566
1841 30272 5944
1842 7481 7843
1843 8784 25238
1844 5397 4599
1845 246 28834
1846 31989 20215
1847 31443 3931
1848 19048 31749
1849 24729 4923
1850 27183 22980
1851 14714 9014
1852 25223 1397
1853 3154 18547
1854 20022 1301
1855 3987 15816
1856 31831 31026
1857 27636 15096
1858 16614 4241
1859 32217 14252
1860 16907 6529
1861 16769 25138
1862 20007 19709
1863 22001 17911
1864 1695 12165
1865 17060 24005
1866 27499 9145
1867 27631 3517
1868 4957 2746
1869 25142 16660
1870 7474 3648
1871 30673 10125
1872 9562 28795
1873 18876 20154
1874 19591 32171
1875 9984 4850
1876 6903 31614
1877 741 9233
1878 19586 12845
1879 24020 6643
1880 20835 27477
1881 20750 21678
1882 4038 662
1883 10511 9361
1884 12821 25581
1885 15040 30176
1886 3587 5074
1887 24415 31821
1888 28757 7441
1889 17199 6711
1890 22899 104
1891 29407 32674
1892 30386 485
1893 21435 15609
1894 25694 28670
1895 29332 17797
1896 1163 16493
1897 21872 7596
1898 30361 7890
1899 15346 12522
1900 31624 18694
1901 31368 2961
1902 21249 21824
1903 23638 29760
1904 23839 15850
1905 14310 8485
1906 3330 20289
1907 8844 1266
1908 30739 21167
1909 28314 28576
1910 3604 5096
1911 24649 32486
1912 17902 7110
1913 17762 6776
1914 19258 15589
1915 23471 30720
1916 30861 19966
1917 12837 25309
1918 10884 11780
1919 28878 17310
1920 14227 28161
1921 13176 9021
1922 6284 15533
1923 25376 9755
1924 3569 28627
1925 14876 15039
1926 19963 18276
1927 24330 30799
1928 1895 18008
1929 17019 26826
1930 17667 15688
1931 11103 15115
1932 32252 25293
1933 7728 6270
1934 24292 5526
1935 2783 6815
1936 6022 9291
1937 28031 7223
1938 14698 14117
1939 19890 25174
1940 29478 14154
1941 18646 22799
1942 13419 20457
1943 4848 24566
1944 1739 25882
1945 6741 25178
1946 10059 7283
1947 14874 14147
1948 11437 21353
1949 10049 1322
1950 18042 8045
1951 1184 9595
1952 24785 13250
1953 18832 17355
1954 14578 18720
1955 26459 13529
1956 11914 25355
1957 22883 16710
1958 23996 3824
1959 3090 24596
1960 19955 30980
1961 18053 7392
1962 16746 29405
1963 760 9695
1964 29048 18381
1965 25072 15770
1966 17309 31489
1967 9258 3177
1968 17229 19294
1969 22342 3505
1970 27774 6423
1971 8499 5341
1972 4851 2318
1973 22105 9757
1974 29254 496
1975 18058 7905
1976 12984 24335
1977 27814 27156
1978 28345 29950
1979 27920 15385
1980 1334 17390
1981 3796 4742
1982 17573 29643
1983 7060 29603
1984 15057 30230
1985 21047 10657
1986 13669 27009
1987 22609 30106
1988 16187 6988
1989 22097 30284
1990 9826 16994
1991 10861 16021
1992 22257 20530
1993 24142 22446
1994 5774 29518
1995 19323 11047
1996 27837 10182
1997 6790 4262
1998 17386 28995
1999 2296 31583
2000 3893 6882
2001 8701 851
2002 255 6358
2003 21967 17992
2004 7736 26556
2005 7139 23691
2006 14951 1469
2007 3030 23912
2008 10358 24934
2009 6422 12134
2010 11331 23111
2011 23888 8259
2012 30951 12109
2013 7581 178
2014 18372 30431
2015 30316 16343
2016 21585 31931
2017 23085 17022
2018 18597 8591
2019 20163 29215
2020 26308 6231
2021 5543 16274
2022 31405 7545
2023 10971 5522
2024 24863 930
2025 18069 30451
2026 12079 12894
2027 19880 17571
2028 18059 29306
2029 23730 26466
2030 25227 9242
2031 23048 22849
2032 27133 15001
2033 14946 19164
2034 4525 6691
2035 25669 24663
2036 7094 13076
2037 24116 16921
2038 16268 30479
2039 13205 32075
2040 1733 990
2041 15461 28687
2042 10922 8205
2043 13211 15745
2044 16001 25925
2045 18525 1390
2046 12952 13417
2047 5606 23510
2048 31762 20338
2049 11826 15396
2050 28017 13579
2051 9070 29736
2052 3047 6636
2053 15394 17112
2054 27996 7159
2055 15900 9931
2056 27454 2835
2057 31772 6257
2058 13837 25548
2059 4673 11283
2060 5538 22439
2061 32054 22414
2062 25154 32582
2063 30748 22479
2064 614 4672
2065 19766 29197
2066 31048 16574
2067 1366 3273
2068 21037 2774
2069 8715 23687
2070 29813 12711
2071 20103 8265
2072 11364 7737
2073 13138 10704
2074 29870 23058
2075 22705 11666
2076 19652 30103
2077 17364 5754
2078 10209 30761
2079 15042 22882
2080 16595 13819
2081 23301 1105
2082 24202 10165
2083 28437 1396
2084 21858 8138
2085 11909 26078
2086 20784 31130
2087 21743 29695
2088 13326 7751
2089 15265 6630
2090 5607 31575
2091 25092 23350
2092 12481 18190
2093 4304 14058
2094 17869 11913
2095 1010 26824
2096 18224 18842
2097 18232 18086
2098 21135 28775
2099 12738 13664
2100 18525 20161
2101 11305 29076
2102 3044 20805
2103 11628 10276
2104 14356 18485
2105 6815 6761
2106 21775 23572
2107 30034 18999
2108 23152 12291
2109 1218 27029
2110 2655 19934
2111 26050 2617
2112 29014 14358
2113 11623 18630
2114 5808 15692
2115 2678 28612
2116 10742 27058
2117 4494 20067
2118 14569 12834
2119 8214 16111
2120 14927 13564
2121 484 6418
2122 31102 11456
2123 17842 3021
2124 11945 28783
2125 27713 6965
2126 20462 7585
2127 24138 15853
2128 26395 18534
2129 21802 22119
2130 30788 19677
2131 8777 986
2132 17669 7830
2133 334 1794
2134 30871 12713
2135 24836 13978
2136 2197 22931
2137 20234 16282
2138 22156 14803
2139 29245 11568
2140 24133 9289
2141 16358 29824
2142 31953 329
2143 22436 28
2144 7257 7554
2145 12824 30530
2146 20642 31122
2147 3666 15576
2148 12387 30565
2149 18942 25128
2150 30535 337
2151 4174 2395
2152 15552 1778
2153 2983 29623
2154 19346 27591
2155 1547 14232
2156 26138 17289
2157 9289 23088
2158 866 30799
2159 10214 18686
2160 20711 13923
2161 25546 28431
2162 1316 14817
2163 20394 25080
2164 20198 23061
2165 26169 25230
2166 27983 28306
2167 14862 11628
2168 15527 27154
2169 27987 22306
2170 17382 18193
2171 30771 12349
2172 3842 8744
2173 27137 27899
2174 25081 7722
2175 4393 3275
2176 4253 28160
2177 13783 15750
2178 1826 8261
2179 21353 13936
2180 20328 2208
2181 31893 18157
2182 7945 25317
2183 22106 5379
2184 14882 3051
2185 21928 18323
2186 14050 27691
2187 11214 6231
2188 28116 28701
2189 3496 2458
2190 8940 10834
2191 16772 15291
2192 13139 31570
2193 8153 7775
2194 21490 23347
2195 29350 31097
2196 11456 8446
2197 24491 2555
2198 23756 25537
2199 18763 11865
2200 13066 20852
2201 21052 24258
2202 10205 6028
2203 28660 27934
2204 25448 14689
2205 14291 18630
2206 23701 28736
2207 21265 16901
2208 23777 29008
2209 17766 2386
2210 29934 13605
2211 29307 26187
2212 11718 7462
2213 3603 25201
2214 752 4767
2215 25336 25510
2216 28981 31653
2217 7336 29287
2218 9775 8621
2219 32701 10185
2220 7318 26091
2221 15645 32565
2222 12618 24428
2223 19429 2019
2224 32032 16114
2225 30230 12823
2226 32621 5267
2227 1021 13342
2228 25939 21264
2229 12900 17160
2230 31182 11510
2231 24443 6946
2232 2685 10103
2233 6787 5178
2234 19761 32518
2235 576 15762
2236 4663 14772
2237 7708 15776
2238 20325 845
2239 7707 29068
2240 20455 12081
2241 11651 2150
2242 5319 31732
2243 17479 5674
2244 12861 29877
2245 9015 23158
2246 13756 3135
2247 26346 14085
2248 24761 19937
2249 23911 4595
2250 17465 16397
2251 2710 8111
2252 2338 21683
2253 1897 20671
2254 28989 859
2255 10185 24375
2256 23822 26885
2257 4931 14327
2258 25172 2496
2259 15471 15271
2260 16222 4108
2261 25380 4980
2262 14100 9713
2263 3421 5511
2264 8641 17372
2265 8937 30026
2266 16033 4412
2267 6102 15194
2268 4654 13024
2269 20891 16714
2270 23851 8975
2271 13064 11549
2272 30829 28517
2273 31470 10370
2274 8556 30832
2275 24974 20429
2276 909 3854
2277 8386 5306
2278 2605 2948
2279 21229 4320
2280 18285 14943
2281 21668 1014
2282 31680 15115
2283 5401 31177
2284 2613 11316
2285 332 21497
2286 25989 16864
2287 30192 13175
2288 16860 8521
2289 25630 32191
2290 5992 7804
2291 5307 31188
2292 16802 14258
2293 13994 16640
2294 18271 27249
2295 9138 32584
2296 6037 15970
2297 2094 16305
2298 18158 8689
2299 22903 16438
2300 6671 29863
2301 18194 2436
2302 26789 23367
2303 4760 18043
2304 9524 14762
2305 31337 5989
2306 5534 28250
2307 8976 23796
2308 2166 11249
2309 11124 14077
2310 4866 3120
2311 22468 13047
2312 9234 14558
2313 32544 26162
2314 30596 18022
2315 10248 28631
2316 13970 7216
2317 32645 7843
2318 20706 1723
2319 5913 13922
2320 23115 20351
2321 5480 4398
2322 31080 30340
2323 17827 6245
2324 13023 27074
2325 12728 20843
2326 7535 22071
2327 13114 31269
2328 19131 28363
2329 10002 28976
2330 28888 17635
2331 12259 26085
2332 8344 3783
2333 13118 3086
2334 5268 30644
2335 32139 20325
2336 25851 21952
2337 14514 17104
2338 11294 24946
2339 8588 18270
2340 26551 19229
2341 10253 9985
2342 8956 18945
2343 26158 7945
2344 13672 287
2345 6555 5733
2346 8772 21984
2347 3105 31640
2348 25848 5220
2349 5845 1660
2350 13843 32171
2351 11269 22970
2352 5403 7014
2353 5088 16389
2354 8982 30107
2355 18405 281
2356 6613 1531
2357 6412 2679
2358 27651 1283
2359 3253 26589
2360 23025 27861
2361 7252 18311
2362 1823 19923
2363 17370 1576
2364 23690 20737
2365 2786 32423
2366 17336 1048
2367 29856 6554
2368 1668 19305
2369 650 22659
2370 24489 5496
2371 13764 22733
2372 2065 11348
2373 15180 2692
2374 19675 16567
2375 12010 5847
2376 31278 2786
2377 8405 12879
2378 9921 7479
2379 18981 22221
2380 11302 17555
2381 7165 8518
2382 22489 4721
2383 5492 20285
2384 8460 27840
2385 3144 6147
2386 28464 16255
2387 21569 23985
2388 15683 11294
2389 29030 29154
2390 9692 21141
2391 16611 27185
2392 9208 4161
2393 17589 16502
2394 5250 20609
2395 32283 15039
2396 17572 19220
2397 701 22288
2398 6352 19505
2399 14489 14043
2400 6285 25187
2401 25777 17982
2402 27394 3627
2403 30838 6911
2404 4164 20308
2405 18930 18247
2406 25439 11284
2407 8889 7201
2408 12582 3559
2409 20877 6066
2410 28603 4139
2411 10964 31542
2412 25309 7292
2413 9146 17599
2414 14580 28877
2415 29734 2220
2416 27870 27467
2417 27486 26346
2418 30839 14322
2419 25465 6125
2420 9194 15339
2421 32648 19821
2422 32187 23212
2423 8323 25313
2424 18320 28878
2425 15605 6588
2426 25538 8365
2427 1895 23914
2428 4007 19650
2429 3982 19209
2430 30365 23487
2431 18996 30952
2432 27095 8815
2433 11238 14784
2434 18663 3916
2435 16994 22452
2436 26383 29661
2437 30911 778
2438 31047 2006
2439 29274 28839
2440 22798 494
2441 10372 25676
2442 10225 25214
2443 14061 8851
2444 8156 19422
2445 719 1703
2446 7204 1151
2447 10458 14278
2448 10064 32456
2449 24035 14968
2450 6571 690
2451 11851 22924
2452 5258 21794
2453 18480 8919
2454 26205 30985
2455 15446 29612
2456 9080 26174
2457 25044 20762
2458 32671 21014
2459 18558 2024
2460 13395 26057
2461 26134 20562
2462 32735 32388
2463 27185 29056
2464 2337 21325
2465 25835 8394
2466 13337 7323
2467 11338 6318
2468 13107 6577
2469 11379 9101
2470 24916 4030
2471 3727 5672
2472 12455 7862
2473 25210 30174
2474 14884 2030
2475 14130 18083
2476 14821 17018
2477 19962 15552
2478 1064 31046
2479 21585 20045
2480 16163 20215
2481 20630 24686
2482 28043 895
2483 11640 3152
2484 5603 22402
2485 4127 14306
2486 4741 18796
2487 25884 32340
2488 22129 2127
2489 20497 9296
2490 13017 14461
2491 27168 5115
2492 26984 26089
2493 31508 7338
2494 5974 16446
2495 6482 29284
2496 17709 31933
2497 23678 10524
2498 10072 31191
2499 3820 10155
2500 23408 142
2501 2509 20111
2502 11846 16268
2503 10262 20070
2504 14000 23552
2505 31791 27176
2506 20756 13372
2507 13409 8487
2508 18358 12304
2509 23036 31944
2510 13249 15076
2511 22347 32255
2512 25367 17303
2513 28729 26252
2514 20184 24091
2515 6591 23031
2516 28340 25292
2517 23573 4684
2518 29937 10133
2519 11156 9367
2520 16187 11969
2521 25709 4382
2522 2095 26530
2523 21772 7009
2524 9638 23780
2525 842 9682
2526 24513 27822
2527 6229 3412
2528 11449 26238
2529 8031 16501
2530 23908 10945
2531 777 3692
2532 1670 10293
2533 30094 27089
2534 13021 21247
2535 12208 6942
2536 10730 29068
2537 12899 7914
2538 22401 23336
2539 30522 11231
2540 8208 1119
2541 15253 7296
2542 11695 29975
2543 21128 14493
2544 491 1129
2545 10634 6801
2546 22610 30276
2547 27618 11330
2548 9662 22208
2549 28881 30678
2550 16482 12099
2551 24704 18485
2552 31894 29014
2553 15272 21827
2554 19042 13125
2555 12803 30682
2556 8140 6776
2557 29558 8586
2558 15330 3988
2559 26619 5136
2560 3718 6225
2561 31312 5271
2562 20732 29465
2563 24929 5808
2564 6964 20582
2565 5238 6931
2566 472 17881
2567 22044 15891
2568 2326 22297
2569 469 12771
2570 30762 12401
2571 2175 8331
2572 22962 28456
2573 18308 12712
2574 13489 5023
2575 9927 12262
2576 19040 31021
2577 10570 2622
2578 25785 28603
2579 23711 11504
2580 449 21278
2581 21268 28224
2582 26520 15415
2583 5278 2800
2584 27969 10188
2585 12929 28288
2586 1074 12069
2587 27077 17192
2588 20123 11878
2589 89 1425
2590 20087 29872
2591 18692 6231
2592 31059 23030
2593 31247 4928
2594 15585 22175
2595 17076 19001
2596 16444 30944
2597 19269 18452
2598 28153 21464
2599 3100 14596
2600 4849 17512
2601 10054 212
2602 7633 10200
2603 12526 30954
2604 19294 24619
2605 4747 4607
2606 19337 16958
2607 29897 21915
2608 11062 18851
2609 23608 851
2610 3788 11839
2611 25783 17859
2612 2429 14245
2613 18334 15177
2614 7506 27185
2615 6318 20102
2616 12286 27109
2617 26042 6805
2618 95 12035
2619 9490 22281
2620 26835 26734
2621 7858 1961
2622 31296 10177
2623 15407 27627
2624 15330 13100
2625 27485 27185
2626 7123 6419
2627 32705 29381
2628 23644 24933
2629 16058 5782
2630 2557 30908
2631 622 19888
2632 17982 12601
2633 8053 10621
2634 29492 29981
2635 31048 28349
2636 3026 1832
2637 29032 21318
2638 13557 27826
2639 7502 23421
2640 21293 23946
2641 28438 5008
2642 12620 21906
2643 15594 8313
2644 945 9239
2645 21295 25778
2646 21586 5361
2647 32114 13496
2648 9099 3934
2649 12817 22338
2650 18856 18079
2651 19625 19774
2652 25907 22608
2653 835 7568
2654 25087 29832
2655 573 8329
2656 25841 27573
2657 23290 1833
2658 10385 15924
2659 12617 6677
2660 5716 2483
2661 21398 27735
2662 10407 28743
2663 10707 32216
2664 25019 21836
2665 10020 2461
2666 25363 3072
2667 10829 31684
2668 29135 21470
2669 30940 19261
2670 29622 16060
2671 16661 13129
2672 12549 23715
2673 20130 2228
2674 26361 18802
2675 24055 9938
2676 30494 30769
2677 14983 12347
2678 16214 22582
2679 5032 8006
2680 26280 12282
2681 13383 25158
2682 10958 18873
2683 2379 32647
2684 31357 19915
2685 8906 32007
2686 26738 26309
2687 7150 2036
2688 17217 2895
2689 5541 6122
2690 24029 2499
2691 12300 2537
2692 21734 12683
2693 11929 28439
2694 23734 13879
2695 13066 2875
2696 25641 10336
2697 15121 16117
2698 6192 8257
2699 19644 22975
2700 5141 30222
2701 32166 4004
2702 19083 9243
2703 16608 3778
2704 29565 11950
2705 10141 28801
2706 2707 11680
2707 159 656
2708 10884 21430
2709 613 9124
2710 20766 4033
2711 27665 12271
2712 22551 9079
2713 18715 14690
2714 11921 19472
2715 17336 1955
2716 8047 22688
2717 12808 7117
2718 12378 18999
2719 18946 13291
2720 26001 22970
2721 10272 2610
2722 30325 32640
2723 5321 19456
2724 16080 22700
2725 13442 1176
2726 30953 1613
2727 3797 30619
2728 3144 25143
2729 6141 10053
2730 32073 9631
2731 10582 621
2732 18787 23928
2733 5255 30267
2734 15414 18577
2735 15725 24486
2736 2390 31595
2737 26310 6325
2738 14042 26075
2739 7586 7537
2740 9378 5732
2741 28554 1196
2742 15468 22354
2743 22381 18549
2744 5782 406
2745 3406 6742
2746 8113 8549
2747 9392 16212
2748 2762 18575
2749 9661 12196
2750 7287 10912
2751 3384 30253
2752 6819 24248
2753 24361 3009
2754 27930 25386
2755 14402 10779
2756 15059 16087
2757 2579 21144
2758 4097 23625
2759 28146 1206
2760 22744 31375
2761 15016 24653
2762 15647 20443
2763 18651 12175
2764 10362 14812
2765 4671 5313
2766 2933 6108
2767 6013 22454
2768 8528 10905
2769 14559 3856
2770 18061 5605
2771 28096 8502
2772 11322 24573
2773 1717 22804
2774 29694 2729
2775 26235 2710
2776 230 8727
2777 23968 738
2778 2285 23928
2779 5362 16472
2780 13133 11608
2781 12968 11850
2782 20360 21438
2783 9810 24699
2784 28981 25095
2785 18304 2649
2786 31883 14467
2787 13109 11770
2788 28591 25548
2789 5130 16088
2790 29885 29674
2791 16674 13389
2792 2200 10536
2793 24529 18381
2794 17010 4788
2795 29707 23269
2796 2074 31482
2797 2958 16631
2798 15113 15805
2799 28623 26802
2800 10794 25594
2801 2726 8532
2802 21613 8572
2803 27064 30623
2804 18442 4158
2805 3240 26268
2806 10901 17797
2807 27133 22547
2808 13767 7354
2809 22225 12485
2810 13574 21512
2811 15679 25711
2812 20409 22202
2813 19850 19840
2814 11342 20818
2815 5645 17557
2816 14344 27496
2817 11751 13240
2818 8073 17225
2819 24162 8541
2820 17443 1867
2821 30504 28440
2822 14815 18674
2823 14628 18463
2824 6729 26052
2825 1081 31620
2826 14337 8684
2827 13222 15919
2828 32515 20625
2829 21812 4252
2830 3505 9716
2831 10021 17498
2832 21158 3916
2833 2268 23871
2834 15161 11361
2835 19019 19052
2836 16083 18154
2837 1569 13060
2838 21233 25511
2839 29361 21163
2840 5112 18750
2841 21921 8640
2842 11964 6359
2843 1623 17755
2844 22222 21622
2845 11043 773
2846 21897 28443
2847 7468 13370
2848 32219 17051
2849 7964 30111
2850 4308 1853
2851 21131 3587
2852 24305 10516
2853 6188 18712
2854 12837 5919
2855 18106 16878
2856 19627 26657
2857 25760 22835
2858 2190 28993
2859 20587 21292
2860 25588 10850
2861 1008 22898
2862 1583 31808
2863 24125 23661
2864 2434 21583
2865 8256 4242
2866 5555 6740
2867 2105 860
2868 5972 25535
2869 14305 1035
2870 8146 207
2871 20824 23583
2872 14906 16228
2873 30415 5011
2874 16591 32675
2875 6394 15578
2876 32588 30284
2877 16435 1179
2878 11769 14555
2879 15470 299
2880 4464 28512
2881 26592 32206
2882 19244 18462
2883 26734 15789
2884 9942 2278
2885 7128 29335
2886 28752 23089
2887 6818 25464
2888 7806 10240
2889 32198 32410
2890 24279 13428
2891 21275 21405
2892 19886 14380
2893 27779 12599
2894 26433 11362
2895 30167 25260
2896 32126 6853
2897 32148 18700
2898 16025 3860
2899 23618 19504
2900 6223 1663
2901 9896 24434
2902 1015 30909
2903 5809 5679
2904 1869 22252
2905 5916 1022
2906 30206 7213
2907 24039 25773
2908 16371 19451
2909 16761 18432
2910 22621 31312
2911 13458 15656
2912 389 14710
2913 5363 14853
2914 2385 2477
2915 14540 14875
2916 17045 9858
2917 26346 20822
2918 18207 19946
2919 9629 11902
2920 20097 23841
2921 3178 18808
2922 9628 24389
2923 1142 14658
2924 4849 27057
2925 9133 28076
2926 13223 25114
2927 3765 18647
2928 7516 2668
2929 3478 21615
2930 20652 28258
2931 16165 3752
2932 18562 3816
2933 5941 2809
2934 12833 26416
2935 4989 25243
2936 6641 10134
2937 21320 12480
2938 6410 16948
2939 32223 5780
2940 20354 9541
2941 9142 757
2942 14199 16186
2943 1625 14833
2944 7387 10398
2945 29460 22531
2946 17922 4010
2947 7269 19725
2948 6381 16808
2949 7715 2837
2950 18772 28168
2951 6250 25791
2952 23413 32579
2953 3406 22414
2954 1951 9587
2955 27963 15835
2956 19069 28335
2957 32301 9361
2958 11811 2344
2959 2453 16558
2960 6106 2821
2961 32007 16505
2962 9900 23550
2963 27044 29827
2964 28334 7354
2965 3658 3168
2966 7440 10217
2967 22652 25379
2968 20709 2337
2969 2067 6042
2970 13491 1402
2971 24994 27726
2972 9402 4584
2973 7082 11065
2974 28165 21339
2975 29315 2373
2976 29233 1176
2977 3845 17801
2978 15360 24021
2979 11257 67
2980 20637 23063
2981 9794 1427
2982 18861 30284
2983 25547 2045
2984 1050 17960
2985 15663 1692
2986 28574 31423
2987 22059 23335
2988 19217 14055
2989 4293 11173
2990 22899 19787
2991 1848 15344
2992 23481 17487
2993 14502 23275
2994 23384 15272
2995 21629 26499
2996 4498 4023
2997 20645 10598
2998 30595 22184
2999 13934 31110
3000 19178 4942
3001 21052 30284
3002 5049 14781
3003 12783 16285
3004 30299 24997
3005 7701 30349
3006 24263 17009
3007 31183 31974
3008 20553 21795
3009 13700 12375
3010 26123 14318
3011 16455 7548
3012 20582 12176
3013 9225 26258
3014 23275 25206
3015 14462 23030
3016 18223 10638
3017 6352 29794
3018 2138 4841
3019 18438 19175
3020 11119 29209
3021 12339 6314
3022 30808 6725
3023 26718 27742
3024 6073 7692
3025 27957 12677
3026 18801 12575
3027 14448 4454
3028 30704 1949
3029 25350 26573
3030 13372 20269
3031 15891 18309
3032 26304 7645
3033 3716 19094
3034 16603 29374
3035 22408 10815
3036 15140 9275
3037 24502 23218
3038 11391 22589
3039 23806 9874
3040 17889 25089
3041 29521 1581
3042 32483 8628
3043 29200 11897
3044 16136 16851
3045 31798 5072
3046 20429 28229
3047 1860 23659
3048 25462 24885
3049 23792 32416
3050 15507 25009
3051 2956 1755
3052 16980 4100
3053 28983 16734
3054 3474 7124
3055 19911 17336
3056 15001 16378
3057 1906 4614
3058 2999 8228
3059 3647 23533
3060 10374 25645
3061 2607 3411
3062 1529 11575
3063 16426 12000
3064 17191 16526
3065 22955 21047
3066 1754 1084
3067 31531 1524
3068 10711 10604
3069 21838 3429
3070 14827 8319
3071 7376 22537
3072 8634 13040
3073 5422 29898
3074 327 24296
3075 6676 31993
3076 834 20640
3077 21386 13069
3078 15125 5499
3079 221 20763
3080 22445 25823
3081 1614 17173
3082 14088 6871
3083 10621 18627
3084 9859 16489
3085 10387 15233
3086 23521 15800
3087 6194 29629
3088 29467 4570
3089 13342 2607
3090 31978 11383
3091 3752 28887
3092 27157 17702
3093 19166 8120
3094 24442 19591
3095 19828 20822
3096 16095 21280
3097 4208 2800
3098 28790 505
3099 1433 27774
3100 14642 246
3101 13213 1129
3102 10700 26359
3103 31237 8973
3104 29332 4017
3105 10201 27119
3106 10232 29514
3107 20754 4798
3108 17365 23479
3109 3780 10763
3110 28545 5078
3111 5640 14792
3112 25237 27722
3113 20907 8066
3114 25211 12826
3115 27288 2654
3116 11963 29448
3117 27397 23765
3118 26116 11187
3119 26720 28207
3120 12285 15212
3121 24568 26560
3122 14281 14808
3123 12908 14821
3124 17244 2634
3125 27092 25790
3126 29569 18653
3127 14001 4264
3128 30887 27988
3129 20373 12929
3130 18543 16307
3131 8081 14235
3132 8182 31385
3133 28515 30076
3134 24290 14180
3135 30044 22876
3136 1838 3
3137 30739 4956
3138 28086 8857
3139 28620 14726
3140 26497 8919
3141 21157 7816
3142 32722 25878
3143 30598 22576
3144 749 28471
3145 15302 12711
3146 27050 23355
3147 22430 1389
3148 29115 22433
3149 3406 15128
3150 28348 20867
3151 7953 25804
3152 8191 9327
3153 14274 14457
3154 5909 27654
3155 12874 24791
3156 31517 21335
3157 27601 25123
3158 13516 32249
3159 3232 3735
3160 20288 26346
3161 29656 18090
3162 6532 20778
3163 12757 268
3164 21730 9751
3165 15711 22111
3166 31724 23943
3167 20375 3255
3168 28233 19367
3169 4764 24272
3170 3392 28823
3171 3840 31506
3172 5382 9665
3173 1006 30277
3174 16072 17661
3175 5655 11796
3176 30582 9574
3177 353 22339
3178 14165 2554
3179 14670 13232
3180 17988 24052
3181 9262 11275
3182 30921 23273
3183 23813 18773
3184 12771 29860
3185 10298 18969
3186 13710 9922
3187 1796 20333
3188 6166 14
3189 5524 23976
3190 22044 1946
3191 8194 11488
3192 24937 22434
3193 6650 1322
3194 11894 2592
3195 25891 8849
3196 3767 21294
3197 4691 23762
3198 25515 25888
3199 2419 3806
3200 30373 31325
3201 17459 31245
3202 344 8450
3203 1903 8482
3204 13092 9269
3205 18268 22274
3206 16162 12105
3207 8827 32052
3208 16113 1686
3209 7994 11799
3210 30270 29206
3211 6250 20199
3212 17173 13760
3213 1125 17774
3214 18155 13220
3215 763 19849
3216 5223 5067
3217 24097 10850
3218 28148 3532
3219 26968 12135
3220 24840 12334
3221 27614 23820
3222 18993 16769
3223 407 3398
3224 3556 5947
3225 7866 27586
3226 4613 32339
3227 8764 13801
3228 17461 4511
3229 8956 32405
3230 14559 6638
3231 25523 29072
3232 12034 21477
3233 6554 21201
3234 1212 14234
3235 29144 13685
3236 26778 7666
3237 434 9855
3238 21409 24507
3239 3441 18255
3240 6171 19080
3241 21010 5091
3242 4387 1872
3243 15792 20689
3244 16112 20166
3245 17074 23808
3246 23521 1910
3247 12724 25386
3248 13900 10660
3249 17974 10002
3250 23302 1252
3251 20999 27268
3252 23730 17273
3253 13167 9745
3254 17354 18286
3255 543 4487
3256 29551 15734
3257 7897 14386
3258 3825 388
3259 4575 5333
3260 11292 12586
3261 25629 29031
3262 24136 1971
3263 24342 1678
3264 26143 24575
3265 24463 5853
3266 4652 30753
3267 9980 460
3268 7209 21178
3269 22446 2683
3270 3845 21011
3271 1978 20006
3272 439 26876
3273 5801 9831
3274 12997 32104
3275 12769 29487
3276 20627 22725
3277 13270 2178
3278 31340 16925
3279 18928 15350
3280 18002 7662
3281 3387 19945
3282 22406 12233
3283 31185 10885
3284 20950 22957
3285 28935 15989
3286 13737 29985
3287 12890 23396
3288 28875 8723
3289 30488 26682
3290 12281 10099
3291 7374 22805
3292 15660 16783
3293 2677 11017
3294 30374 31277
3295 15451 24472
3296 10941 26218
3297 8914 13296
3298 25706 26197
3299 16283 4071
3300 29840 16971
3301 11793 26807
3302 17422 16912
3303 534 4985
3304 14979 6578
3305 10686 17251
3306 17892 18462
3307 15805 12225
3308 20159 17279
3309 27793 7604
3310 9548 3930
3311 27758 18862
3312 13112 6250
3313 8174 27817
3314 32306 29244
3315 22901 22826
3316 18226 21131
3317 26982 27641
3318 21132 26201
3319 25351 19613
3320 9400 23762
3321 17460 14745
3322 16350 17376
3323 27591 23657
3324 11812 4749
3325 2755 24891
3326 25784 32029
3327 31811 20078
3328 19356 28391
3329 12325 22475
3330 30260 17911
3331 5237 10630
3332 22673 11365
3333 10651 26355
3334 1403 11123
3335 11589 22792
3336 16704 21610
3337 2066 2198
3338 30015 6961
3339 27139 16455
3340 20531 16050
3341 16802 12886
3342 8001 23277
3343 31216 15889
3344 11200 216
3345 11024 4368
3346 10698 28669
3347 10676 8242
3348 902 19922
3349 8523 13404
3350 3380 30423
3351 9447 1777
3352 28149 17778
3353 25328 10768
3354 18784 27274
3355 26507 14481
3356 30149 13285
3357 6600 2493
3358 19263 23618
3359 24462 25807
3360 22396 16694
3361 5190 28718
3362 587 6855
3363 15946 22632
3364 28394 4298
3365 12044 27374
3366 9741 18940
3367 31238 8338
3368 21678 20707
3369 28261 21441
3370 11160 27235
3371 32629 7808
3372 11185 14879
3373 18379 7208
3374 27402 20629
3375 4916 2784
3376 7848 32504
3377 7008 2271
3378 29968 3276
3379 25422 26975
3380 3476 11076
3381 23927 23904
3382 6240 16987
3383 18618 27682
3384 27459 29620
3385 28682 30559
3386 5951 28466
3387 14553 18252
3388 19151 30039
3389 11331 23118
3390 3322 9054
3391 26363 29821
3392 7452 25878
3393 7158 10969
3394 879 10373
3395 5593 26190
3396 7772 12088
3397 25379 6761
3398 14468 6507
3399 6426 11224
3400 29581 1758
3401 22903 17060
3402 5037 26994
3403 1745 1069
3404 30711 25990
3405 21450 28905
3406 19304 23571
3407 6395 25052
3408 15024 31369
3409 7584 25046
3410 15042 27752
3411 16131 24175
3412 11290 2719
3413 8873 27843
3414 26321 9381
3415 24383 7662
3416 31586 16216
3417 18499 8006
3418 13370 26008
3419 18547 8795
3420 9217 26275
3421 30454 18607
3422 19627 7727
3423 21323 3894
3424 11069 8777
3425 21493 30092
3426 13408 29424
3427 13283 23800
3428 3495 1904
3429 10913 23333
3430 4000 21888
3431 31553 31898
3432 23708 11803
3433 1543 13054
3434 6206 3102
3435 18647 27406
3436 3014 12454
3437 31327 1626
3438 17179 10535
3439 11268 13506
3440 28314 6989
3441 7822 27060
3442 5537 29331
3443 13714 26915
3444 26074 19364
3445 13731 10310
3446 11079 14708
3447 14648 32277
3448 15634 16414
3449 2139 24452
3450 27410 8572
3451 16151 9086
3452 14365 22408
3453 28319 2720
3454 27920 22645
3455 9534 1722
3456 20639 141
3457 2306 32262
3458 4061 15817
3459 28968 1574
3460 9098 22834
3461 10822 21215
3462 15904 31226
3463 20795 21656
3464 3740 15961
3465 28887 17040
3466 25613 1577
3467 20041 3298
3468 32222 19264
3469 4172 29242
3470 5346 9105
3471 11537 13653
3472 26916 18689
3473 19179 11834
3474 24684 17163
3475 32700 13114
3476 401 3602
3477 6947 5545
3478 22658 23689
3479 26467 11865
3480 3858 19909
3481 3346 13786
3482 18055 13981
3483 1414 25716
3484 32225 22471
3485 18431 5601
3486 4330 7666
3487 7572 27851
3488 7170 18339
3489 18399 12808
3490 20647 3280
3491 26216 27543
3492 1735 9277
3493 18130 26458
3494 5829 17050
3495 3015 13713
3496 18509 28505
3497 22180 20250
3498 25048 19281
3499 24549 25451
3500 9470 9492
3501 10831 2635
3502 17279 30480
3503 15584 21843
3504 6415 11112
3505 3958 32040
3506 13797 16784
3507 5697 9846
3508 1538 12715
3509 6122 31403
3510 8514 10660
3511 14976 4216
3512 4132 14
3513 29479 24584
3514 4440 30908
3515 17535 16126
3516 11278 14112
3517 30677 8241
3518 6905 31332
3519 15628 4903
3520 23589 32586
3521 23882 16210
3522 29054 9156
3523 27746 22285
3524 7708 10323
3525 9476 15956
3526 11343 11040
3527 23462 24902
3528 2159 14555
3529 13361 30300
3530 15456 3927
3531 1644 10343
3532 6119 28130
3533 7465 25675
3534 4528 3942
3535 15410 18045
3536 11547 10817
3537 6385 25662
3538 28874 4580
3539 12769 27797
3540 14827 22061
3541 12472 23821
3542 30790 31877
3543 17233 17971
3544 7942 11961
3545 5979 23502
3546 22087 31641
3547 25796 19676
3548 14691 1362
3549 13027 8017
3550 11772 14732
3551 17511 2959
3552 8137 28483
3553 22019 5028
3554 11553 1638
3555 7127 21061
3556 4169 25906
3557 10653 15758
3558 20862 28491
3559 12696 22903
3560 3521 21151
3561 17981 5654
3562 24165 17915
3563 2718 21911
3564 11609 5481
3565 32154 22011
3566 566 6225
3567 19398 31379
3568 5128 27979
3569 21530 12603
3570 11228 6085
3571 19291 28503
3572 9229 23385
3573 10828 655
3574 4175 28907
3575 21140 12618
3576 23160 29062
3577 5742 26347
3578 24594 4852
3579 3859 26574
3580 23713 4639
3581 28135 18689
3582 11444 26410
3583 13413 10179
3584 13742 8014
3585 32460 23741
3586 32338 30838
3587 19847 9986
3588 17424 6810
3589 31069 2760
3590 6417 2780
3591 15965 24548
3592 22276 13413
3593 2439 19463
3594 29350 8956
3595 30010 9402
3596 31764 19307
3597 8290 29979
3598 22480 32145
3599 19549 9045
3600 31893 23623
3601 28082 29153
3602 16859 30452
3603 7025 22654
3604 2856 24814
3605 2408 28913
3606 23581 25239
3607 30986 29565
3608 8508 8244
3609 19743 32545
3610 14714 21132
3611 11309 10644
3612 3208 27973
3613 23970 4865
3614 14817 20222
3615 19910 31106
3616 11412 22315
3617 25699 2142
3618 8143 32180
3619 6705 24323
3620 24623 18509
3621 30980 3010
3622 21961 14739
3623 29364 30284
3624 8952 5612
3625 15056 30192
3626 25573 6683
3627 3842 3986
3628 23255 32678
3629 6720 5994
3630 5440 27368
3631 24248 12930
3632 21891 7924
3633 21112 29677
3634 19846 4912
3635 6881 4552
3636 30204 18094
3637 4809 28146
3638 3695 27977
3639 1907 28299
3640 4624 21124
3641 22576 25133
3642 11582 3618
3643 25809 27629
3644 32728 26245
3645 30420 13072
3646 14403 31943
3647 4426 21133
3648 21306 7834
3649 21385 17479
3650 3161 23008
3651 23191 17415
3652 19303 11785
3653 19793 26171
3654 6758 30512
3655 32606 24176
3656 28764 28405
3657 22231 12689
3658 23776 24344
3659 24756 20445
3660 24675 25050
3661 16373 21162
3662 32068 19476
3663 25492 23003
3664 19858 7444
3665 12078 17698
3666 10654 4155
3667 619 17654
3668 11080 11351
3669 19250 32595
3670 6663 27841
3671 3727 17461
3672 2997 24630
3673 5215 3538
3674 17952 22902
3675 8641 18586
3676 11601 3486
3677 28220 7919
3678 19098 15430
3679 16304 17572
3680 14433 15706
3681 22782 32311
3682 32431 4281
3683 10103 24527
3684 11384 19343
3685 23301 32756
3686 14760 32627
3687 21787 6672
3688 32242 30527
3689 6750 23721
3690 18519 26035
3691 13072 24412
3692 25464 25033
3693 9793 31897
3694 4765 19670
3695 31668 2848
3696 21377 32357
3697 28818 13119
3698 28899 20947
3699 19153 23496
3700 12749 29098
3701 30562 27348
3702 12707 31934
3703 24349 22075
3704 11499 24841
3705 7789 16334
3706 20190 2120
3707 3003 6491
3708 19378 12882
3709 14491 3166
3710 21413 6459
3711 22969 8583
3712 10953 15148
3713 16769 25584
3714 29074 26112
3715 22929 31770
3716 27169 24735
3717 18144 32429
3718 17998 19995
3719 9387 27372
3720 19064 9868
3721 547 5370
3722 20748 25003
3723 3800 30670
3724 31446 12081
3725 8675 10999
3726 6154 22765
3727 2006 30737
3728 5649 10920
3729 17253 19459
3730 32277 31673
3731 11473 32766
3732 20555 13927
3733 7192 13877
3734 18435 30977
3735 2526 18012
3736 21617 11455
3737 21273 30179
3738 21049 11863
3739 2944 30703
3740 20924 25695
3741 2737 28957
3742 30245 24421
3743 8228 31477
3744 14642 24528
3745 6612 25392
3746 8131 23925
3747 2471 8874
3748 11043 27896
3749 30114 18469
3750 4890 7913
3751 24269 21187
3752 5295 13466
3753 19175 14402
3754 25021 18114
3755 15562 4853
3756 32060 14803
3757 18332 13190
3758 4173 7195
3759 10427 4717
3760 1026 18845
3761 5222 23855
3762 27635 29100
3763 8492 6999
3764 3458 23117
3765 32277 10037
3766 4073 32074
3767 24466 30297
3768 8456 23318
3769 20261 28110
3770 6896 8036
3771 18895 15895
3772 30255 29574
3773 22846 747
3774 5337 6790
3775 5043 8880
3776 12891 13062
3777 11957 10680
3778 1023 15063
3779 4215 7485
3780 22078 12380
3781 3082 541
3782 13001 28061
3783 13378 4950
3784 23382 6442
3785 29034 25665
3786 9515 18614
3787 17831 27279
3788 364 12655
3789 27693 11268
3790 15908 542
3791 16163 3061
3792 19476 17155
3793 4183 29826
3794 5439 22382
3795 24737 22420
3796 12337 32029
3797 8729 17302
3798 31763 25945
3799 28920 2034
3800 29040 17359
3801 28495 9554
3802 13253 28463
3803 12138 1427
3804 12234 28550
3805 22785 14217
3806 21123 5724
3807 29988 10870
3808 9477 31885
3809 3300 9543
3810 22793 488
3811 1730 30100
3812 4658 10889
3813 28377 4693
3814 30750 30198
3815 5578 11877
3816 23854 3068
3817 12907 30393
3818 1558 23367
3819 29231 30813
3820 24099 1476
3821 9299 27186
3822 9295 14007
3823 27598 22121
3824 23815 16027
3825 9206 24510
3826 5302 4285
3827 25586 7797
3828 16153 32407
3829 19683 20757
3830 16194 19693
3831 3793 23783
3832 25705 32425
3833 20567 23085
3834 26486 29047
3835 25871 10275
3836 13647 10272
3837 32443 17591
3838 4577 24232
3839 17720 25607
3840 24560 17446
3841 291 927
3842 6559 30310
3843 17736 30063
3844 17855 6976
3845 17103 7821
3846 30167 13237
3847 13349 26032
3848 6391 1231
3849 2731 3432
3850 12093 12855
3851 19233 30238
3852 10788 26259
3853 17617 976
3854 1424 9638
3855 3963 9097
3856 26010 9253
3857 31748 11425
3858 17691 16730
3859 25565 6585
3860 250 32379
3861 820 21877
3862 19510 4039
3863 18909 5880
3864 22706 25446
3865 20223 2593
3866 16580 14846
3867 21374 16263
3868 32124 11541
3869 32556 8244
3870 30132 16169
3871 17583 24869
3872 29148 20881
3873 6192 12926
3874 130 7185
3875 25801 9869
3876 6052 576
3877 27819 3205
3878 32438 25242
3879 18 15094
3880 19825 15205
3881 14058 1551
3882 2914 16708
3883 6462 23956
3884 15406 17308
3885 25189 20125
3886 25765 31402
3887 19179 25876
3888 21646 7009
3889 1344 10476
3890 16685 19717
3891 22819 13090
3892 31892 23688
3893 2508 5748
3894 21934 18855
3895 29404 6116
3896 27917 2500
3897 2053 29419
3898 2670 7298
3899 9081 9598
3900 16146 20002
3901 20244 32706
3902 24764 17312
3903 29768 29582
3904 10632 11405
3905 7884 24484
3906 2162 13995
3907 15876 21167
3908 28322 8010
3909 4399 508
3910 9593 32357
3911 10835 28665
3912 31068 10108
3913 13288 32366
3914 17731 15407
3915 25926 26749
3916 11008 19615
3917 20944 24666
3918 1103 8580
3919 32478 19659
3920 22691 3086
3921 27756 25183
3922 25515 22397
3923 31876 5230
3924 30886 14463
3925 25963 6612
3926 20076 22093
3927 6798 364
3928 55 18820
3929 22570 4686
3930 20278 11460
3931 15806 29641
3932 28880 6922
3933 9010 22815
3934 30136 14286
3935 5316 11523
3936 5557 7387
3937 8631 30931
3938 27695 18930
3939 27066 917
3940 29049 29214
3941 5401 25779
3942 15584 17110
3943 9125 1654
3944 23415 212
3945 15972 21572
3946 18336 5816
3947 30713 4250
3948 19803 29019
3949 10194 3783
3950 26446 17908
3951 19476 19566
3952 24728 7661
3953 7750 9913
3954 18262 17539
3955 18111 10078
3956 31729 29216
3957 23248 9555
3958 26926 20856
3959 4530 13648
3960 12531 14949
3961 23598 9736
3962 23002 16003
3963 19215 1064
3964 18807 25483
3965 28743 25100
3966 5994 10096
3967 9955 24388
3968 1315 10812
3969 28080 11209
3970 9848 6567
3971 16555 767
3972 1768 14972
3973 7466 23146
3974 22445 11180
3975 7371 16432
3976 29315 16175
3977 21280 9555
3978 15675 1182
3979 23063 4010
3980 14846 24978
3981 14634 28580
3982 20578 21434
3983 4940 5564
3984 6958 14526
3985 18319 955
3986 18157 14295
3987 28821 5553
3988 19765 10539
3989 28349 16049
3990 6325 5865
3991 26889 21839
3992 24064 13353
3993 28881 11227
3994 13595 25985
3995 13353 28762
3996 16327 14182
3997 27411 4168
3998 26767 24137
3999 27493 7184
4000 1682 7277
4001 3961 26183
4002 29198 10634
4003 23446 23212
4004 21936 30756
4005 3617 18656
4006 18590 29864
4007 1667 7910
4008 32064 6731
4009 11994 20313
4010 4306 31138
4011 21599 24431
4012 18347 3330
4013 6810 22705
4014 16970 30357
4015 30023 6775
4016 30501 1089
4017 21766 18213
4018 32050 5433
4019 29382 18728
4020 29490 15711
4021 26096 11184
4022 4032 16992
4023 29011 17195
4024 9757 20110
4025 13010 24964
4026 11192 30076
4027 8655 4640
4028 2688 26203
4029 2134 6549
4030 19434 26647
4031 25354 13608
4032 26817 31537
4033 21456 22029
4034 18865 15707
4035 4925 21597
4036 17553 27349
4037 3264 21975
4038 8820 6538
4039 4495 25687
4040 31342 2537
4041 20050 28694
4042 27942 10628
4043 28562 14759
4044 3360 9067
4045 8416 24493
4046 32711 6727
4047 21189 3165
4048 9021 26677
4049 29549 32439
4050 17635 104
4051 1554 27523
4052 13479 20093
4053 17705 29198
4054 16656 12189
4055 15183 8354
4056 26635 24917
4057 32498 17606
4058 18547 565
4059 31935 826
4060 8290 42
4061 31951 29617
4062 25658 4251
4063 20113 15436
4064 14961 3654
4065 18293 26843
4066 26656 22745
4067 94 31186
4068 31307 4688
4069 32197 26381
4070 14318 22033
4071 11949 4676
4072 10444 17865
4073 28234 25932
4074 15607 2052
4075 29808 6163
4076 24862 5263
4077 24765 23129
4078 2969 27277
4079 19589 23855
4080 3638 3163
4081 3970 30768
4082 14529 23845
4083 9016 26242
4084 6229 15429
4085 20778 22412
4086 24421 31327
4087 6078 20340
4088 17033 1085
4089 29169 4960
4090 22026 24427
4091 28091 7528
4092 14380 21650
4093 15679 21597
4094 5182 25493
4095 11963 828
4096 19042 23917
4097 14122 19568
4098 18461 16325
4099 31673 5323
4100 23965 11861
4101 1521 8771
4102 7118 9726
4103 3741 27244
4104 1819 17834
4105 2944 19641
4106 11012 18658
4107 27576 13426
4108 23140 4140
4109 12016 24180
4110 10368 21290
4111 17225 16044
4112 26319 22643
4113 22022 16722
4114 13196 20272
4115 761 25573
4116 25852 9847
4117 3761 25065
4118 23935 32359
4119 5985 29027
4120 5209 3848
4121 26766 19217
4122 24382 8415
4123 23936 31338
4124 18591 29524
4125 32358 12632
4126 32439 11461
4127 17479 7095
4128 10068 12390
4129 12205 28301
4130 9318 30175
4131 7696 12039
4132 5449 16035
4133 2563 27960
4134 8402 17681
4135 8737 28305
4136 21531 16717
4137 25269 1054
4138 8718 24541
4139 7723 2182
4140 20404 1539
4141 8250 16832
4142 22843 32733
4143 22479 8854
4144 7113 29757
4145 13240 10203
4146 20483 14921
4147 7701 19819
4148 8540 27858
4149 17023 22247
4150 28190 22389
4151 2805 26669
4152 31801 6516
4153 32651 10650
4154 11982 6738
4155 29905 29695
4156 2171 11312
4157 13572 16484
4158 1637 30698
4159 4087 22399
4160 8198 3825
4161 32191 31986
4162 30652 16102
4163 16417 4680
4164 2061 763
4165 11965 28077
4166 22971 12042
4167 6647 24689
4168 3723 12402
4169 28840 10555
4170 19669 182
4171 5257 19981
4172 22476 9684
4173 2395 6651
4174 24715 23653
4175 27352 15019
4176 23524 18296
4177 21850 14731
4178 26855 16943
4179 11596 19669
4180 5172 12055
4181 29012 15428
4182 1025 24905
4183 829 21907
4184 22762 31554
4185 5030 11450
4186 20348 24449
4187 7276 9192
4188 28287 3814
4189 5592 30527
4190 19975 4293
4191 21129 18514
4192 17209 16589
4193 11808 25951
4194 31966 7836
4195 31405 18508
4196 23721 31517
4197 22749 2402
4198 6472 8105
4199 26336 16845
4200 29997 19161
4201 29211 6607
4202 5657 7980
4203 6034 32456
4204 18797 24414
4205 32531 15590
4206 16688 5251
4207 7459 30891
4208 5599 31206
4209 10154 17444
4210 6392 19107
4211 10589 19427
4212 17477 19718
4213 24559 22465
4214 20969 14242
4215 20727 6997
4216 18732 19505
4217 16800 4659
4218 3078 17455
4219 32018 25572
4220 12653 27445
4221 5540 2986
4222 14430 790
4223 3262 16368
4224 24493 19899
4225 3471 21907
4226 11917 22719
4227 9844 6867
4228 31199 26313
4229 11555 26135
4230 29243 4781
4231 14747 21604
4232 1727 2114
4233 25548 29596
4234 10394 28417
4235 12294 21622
4236 15191 25186
4237 22050 16449
4238 15850 5110
4239 20338 3672
4240 30844 29509
4241 22377 21860
4242 15094 30565
4243 19210 29780
4244 30799 26207
4245 4881 12062
4246 19094 13889
4247 1252 23347
4248 11198 25603
4249 26168 22467
4250 28461 23578
4251 32643 19893
4252 18435 20702
4253 26918 29540
4254 26666 6812
4255 32598 20507
4256 1058 32123
4257 10446 15183
4258 18313 28943
4259 23606 5023
4260 1645 17855
4261 4177 27020
4262 14162 17367
4263 746 6648
4264 514 8300
4265 636 5216
4266 28439 25587
4267 9892 18649
4268 1097 7840
4269 9031 31179
4270 22904 1664
4271 8835 28016
4272 29305 23381
4273 20822 15116
4274 27040 11317
4275 2833 12266
4276 14098 23265
4277 20346 2074
4278 8391 30950
4279 28612 30444
4280 8033 23158
4281 7728 15147
4282 17328 31491
4283 19583 15129
4284 26882 4001
4285 1310 25647
4286 16427 25369
4287 11024 19089
4288 32599 22476
4289 19611 17491
4290 17042 11086
4291 29874 31854
4292 26900 22462
4293 10021 14720
4294 31566 12007
4295 29579 21575
4296 26037 2840
4297 19179 6619
4298 5201 12739
4299 1069 5551
4300 15108 17368
4301 15171 32582
4302 22171 22495
4303 30486 18356
4304 12950 6616
4305 16947 732
4306 32695 3282
4307 8754 10339
4308 18253 19021
4309 6634 26742
4310 18238 23377
4311 8790 4161
4312 725 1867
4313 17990 14890
4314 5201 13482
4315 19653 17873
4316 2857 14141
4317 7758 21449
4318 25376 10315
4319 20653 16659
4320 24589 9328
4321 1462 24158
4322 23144 2874
4323 2217 24321
4324 18580 7303
4325 22113 15284
4326 4334 3996
4327 31807 1298
4328 28826 6
4329 31192 25039
4330 776 19505
4331 4449 13497
4332 13896 16841
4333 13014 9840
4334 14355 13268
4335 28141 3812
4336 10133 22156
4337 5822 31379
4338 6139 31997
4339 2351 18304
4340 12225 5219
4341 14113 5618
4342 28857 31041
4343 27996 2290
4344 29914 577
4345 31546 4738
4346 11214 23759
4347 10518 18333
4348 25913 6004
4349 10612 30706
4350 13259 30195
4351 28909 1377
4352 29956 27429
4353 8417 14130
4354 2506 21652
4355 28891 1303
4356 2988 21466
4357 17090 5608
4358 2804 25015
4359 19909 28184
4360 8559 30453
4361 3076 2554
4362 26107 26364
4363 22271 24502
4364 3285 18484
4365 24255 1289
4366 16543 1567
4367 26566 29888
4368 52 31026
4369 31672 12274
4370 3372 8310
4371 30918 14080
4372 14126 22755
4373 11230 5710
4374 4088 11895
4375 24980 702
4376 21551 8986
4377 6606 16881
4378 5352 1841
4379 18994 23100
4380 28146 16388
4381 23377 18028
4382 21738 6096
4383 19600 10554
4384 19708 29611
4385 10970 15501
4386 2937 2844
4387 17927 30834
4388 22814 32118
4389 20747 11739
4390 15390 24824
4391 22751 4379
4392 14068 10150
4393 15919 28701
4394 10219 30182
4395 7624 4200
4396 5482 18137
4397 21440 28883
4398 29441 31359
4399 1378 27399
4400 11060 10633
4401 24032 28857
4402 31242 23293
4403 27064 24741
4404 25683 30604
4405 15586 12105
4406 22461 5811
4407 20414 24422
4408 16278 404
4409 16064 1592
4410 6750 1937
4411 22745 22384
4412 23572 174
4413 10404 29941
4414 10557 6563
4415 25686 32351
4416 14004 17860
4417 28770 7216
4418 23093 29329
4419 24815 720
4420 6056 22813
4421 9722 10575
4422 14125 2335
4423 20043 12249
4424 12267 2521
4425 3353 12792
4426 29592 11437
4427 28284 141
4428 26312 28024
4429 26263 32652
4430 4599 31925
4431 10113 9082
4432 22357 20307
4433 27128 19112
4434 14676 20561
4435 5316 28205
4436 32242 4127
4437 28397 26276
4438 15046 3509
4439 18588 16554
4440 5581 30063
4441 18129 23830
4442 18162 29103
4443 15818 22775
4444 9823 26929
4445 17967 31055
4446 21382 18221
4447 30974 5776
4448 16621 10542
4449 32313 17370
4450 12478 3765
4451 23121 11762
4452 28170 26253
4453 9808 28162
4454 20193 5612
4455 7882 19475
4456 19218 21838
4457 13697 11594
4458 13250 32529
4459 4571 10726
4460 22447 11217
4461 11268 1781
4462 8258 14465
4463 28387 4057
4464 29526 4686
4465 3262 2942
4466 26059 25652
4467 29356 18776
4468 2761 604
4469 1726 543
4470 27604 12092
4471 7404 2122
4472 30100 5741
4473 20161 1101
4474 25954 6475
4475 8646 14481
4476 914 18766
4477 10416 2359
4478 13955 11307
4479 2889 17293
4480 14951 9642
4481 8478 24908
4482 2515 9030
4483 2798 17304
4484 17158 25990
4485 30413 8629
4486 5625 798
4487 31515 10120
4488 1834 453
4489 13353 32725
4490 4905 8404
4491 4260 17970
4492 32479 12707
4493 30921 7374
4494 24737 6563
4495 15431 25060
4496 11769 23099
4497 29427 16636
4498 23086 14947
4499 15406 7144
4500 20889 28163
4501 2326 1914
4502 23975 22281
4503 23919 22534
4504 15789 15436
4505 13136 31131
4506 111 4644
4507 28045 4096
4508 27246 12486
4509 1256 6768
4510 29941 5216
4511 23542 5909
4512 12770 760
4513 26067 25158
4514 8245 13317
4515 2949 19841
4516 15706 21962
4517 31793 10791
4518 24374 3190
4519 21504 17402
4520 8947 18173
4521 17871 1879
4522 31884 1460
4523 13209 20275
4524 13079 28335
4525 24996 5846
4526 21974 19418
4527 12398 2906
4528 30204 20186
4529 2390 14562
4530 12607 13985
4531 27147 20379
4532 22817 13011
4533 15029 15476
4534 17150 8412
4535 23269 4509
4536 3286 32462
4537 4413 31425
4538 25304 12283
4539 18911 14594
4540 4531 28502
4541 20374 25272
4542 29084 2954
4543 27591 25322
4544 30237 18648
4545 6422 29832
4546 28324 1201
4547 13527 5486
4548 17351 30487
4549 23355 11545
4550 15704 11700
4551 23095 25383
4552 7469 7351
4553 26419 24976
4554 6828 24946
4555 888 32423
4556 2841 4788
4557 15190 2766
4558 17055 15080
4559 11288 15868
4560 31263 22506
4561 31913 240
4562 17852 31917
4563 13571 3634
4564 26659 28813
4565 8283 9934
4566 3739 26741
4567 9742 22224
4568 16848 13744
4569 17737 1406
4570 5983 1680
4571 8059 19800
4572 28704 5313
4573 15740 22480
4574 20279 23914
4575 31610 14538
4576 5594 16137
4577 18343 1490
4578 12255 6411
4579 8100 9503
4580 32013 18734
4581 30892 4171
4582 799 8855
4583 32385 1744
4584 13463 15026
4585 21783 27714
4586 22601 10190
4587 18689 20047
4588 23970 3444
4589 6815 20086
4590 10685 4746
4591 20485 27530
4592 10532 7468
4593 14762 26342
4594 12902 28742
4595 5589 16749
4596 1373 1777
4597 32455 3144
4598 29500 18835
4599 4009 2399
4600 31579 30901
4601 27700 22420
4602 26818 27043
4603 5922 9922
4604 15479 28869
4605 17240 12152
4606 28807 5568
4607 3024 27253
4608 24534 27980
4609 15944 17379
4610 24232 13523
4611 9388 18004
4612 20459 3023
4613 31044 31101
4614 17226 26336
4615 29085 28853
4616 26610 6320
4617 3129 17707
4618 24610 3207
4619 3318 30698
4620 16757 3757
4621 21567 30606
4622 19951 16003
4623 31988 17860
4624 12745 1632
4625 27930 30851
4626 20989 13613
4627 17730 4876
4628 30608 5567
4629 23227 29346
4630 25506 8183
4631 10359 19209
4632 6198 8091
4633 25278 28353
4634 25026 27891
4635 6548 24319
4636 28022 4899
4637 5611 24432
4638 30796 76
4639 23945 2477
4640 25300 7009
4641 2487 7292
4642 13757 23497
4643 23727 716
4644 25378 16057
4645 16835 20079
4646 20634 13903
4647 9293 8853
4648 30206 28271
4649 18778 18956
4650 7416 862
4651 6165 30010
4652 3409 1568
4653 31989 23510
4654 12791 27282
4655 21414 15977
4656 719 15174
4657 952 904
4658 16192 12065
4659 15370 27854
4660 17787 31926
4661 30965 8091
4662 4748 1889
4663 16696 32144
4664 14114 16931
4665 17830 2246
4666 19742 25665
4667 20369 20433
4668 14814 19355
4669 10741 7543
4670 18758 10445
4671 29028 26672
4672 28050 20743
4673 30389 15709
4674 12254 20909
4675 8300 9289
4676 7538 8622
4677 30440 13536
4678 15823 3236
4679 18255 24113
4680 23931 13232
4681 2362 6309
4682 14731 16403
4683 29471 32765
4684 22517 9101
4685 27010 4365
4686 6291 630
4687 13531 1850
4688 19190 9117
4689 10822 5556
4690 21744 484
4691 13037 30836
4692 13792 23447
4693 24117 6389
4694 29371 23441
4695 27307 17074
4696 14047 14349
4697 29101 9058
4698 13720 25421
4699 8664 4854
4700 6254 10733
4701 13365 24398
4702 1588 23300
4703 2082 6079
4704 3794 22016
4705 4610 5190
4706 1997 6718
4707 2212 13448
4708 9627 13420
4709 32116 4753
4710 23977 9631
4711 19300 9545
4712 23848 8243
4713 2200 3765
4714 8347 13926
4715 26324 4595
4716 30754 22195
4717 11942 27892
4718 1155 12784
4719 16723 4599
4720 30973 26406
4721 19842 31945
4722 11725 4404
4723 8874 8126
4724 20349 4642
4725 20285 9325
4726 14063 14406
4727 30097 31791
4728 13869 6425
4729 915 31831
4730 26094 15830
4731 14634 558
4732 16359 32216
4733 10604 23221
4734 4568 8881
4735 8835 27162
4736 5457 12810
4737 10333 20214
4738 14408 31037
4739 28183 32076
4740 25181 14003
4741 31271 3394
4742 17127 31999
4743 24908 14749
4744 29638 11191
4745 17461 18942
4746 31976 6678
4747 31731 25822
4748 1175 20307
4749 8480 1355
4750 14473 25791
4751 22989 4191
4752 15270 28065
4753 6701 18053
4754 9367 210
4755 17410 3179
4756 22803 16407
4757 20683 18374
4758 20968 31041
4759 29354 19401
4760 5067 15622
4761 22551 4451
4762 26849 1950
4763 32327 14139
4764 9993 22301
4765 15962 1388
4766 3824 19347
4767 327 28928
4768 4050 11493
4769 18056 23342
4770 31760 29290
4771 27013 2132
4772 31351 10309
4773 20929 2738
4774 16458 20101
4775 31174 7404
4776 24597 3582
4777 30929 10302
4778 14641 24293
4779 31550 29308
4780 21526 32045
4781 21938 12241
4782 14179 18085
4783 7946 29748
4784 431 24270
4785 32006 16553
4786 21517 13437
4787 4021 10301
4788 22881 17717
4789 10144 18623
4790 30310 14914
4791 12982 4926
4792 28283 15253
4793 3067 8263
4794 2352 5219
4795 6639 3035
4796 1172 1404
4797 26559 5426
4798 24636 24940
4799 9518 32306
4800 19731 20051
4801 14657 26286
4802 19941 18820
4803 21421 8031
4804 21674 18656
4805 10497 12451
4806 26770 5617
4807 17811 4343
4808 8404 16070
4809 9004 18230
4810 55 14481
4811 28019 29839
4812 32093 4097
4813 8474 583
4814 17362 17248
4815 29130 28468
4816 31192 8812
4817 8911 30965
4818 5872 20471
4819 16003 7410
4820 5929 16702
4821 22652 11543
4822 5928 22281
4823 18037 29775
4824 9467 27782
4825 31741 9922
4826 20893 30694
4827 29921 6607
